<?xml version="1.0" encoding="UTF-8"?>
<!-- Generated by org.testng.reporters.JUnitXMLReporter -->
<testsuite ignored="0" hostname="LAPTOP-JTVULOUH" failures="0" tests="3" name="Default test" time="0.076" errors="0" timestamp="2023-10-31T22:24:50 IST">
  <testcase classname="day35.ThirdTestCase" name="test1" time="0.009"/>
  <testcase classname="day35.ThirdTestCase" name="test2" time="0.002"/>
  <testcase classname="day35.ThirdTestCase" name="test3" time="0.002"/>
</testsuite> <!-- Default test -->
