<?xml version="1.0" encoding="UTF-8"?>
<testng-results ignored="0" total="3" passed="3" failed="0" skipped="0">
  <reporter-output>
  </reporter-output>
  <suite started-at="2023-10-31T22:24:50 IST" name="Default suite" finished-at="2023-10-31T22:24:50 IST" duration-ms="76">
    <groups>
    </groups>
    <test started-at="2023-10-31T22:24:50 IST" name="Default test" finished-at="2023-10-31T22:24:50 IST" duration-ms="76">
      <class name="day35.ThirdTestCase">
        <test-method signature="test1()[pri:0, instance:day35.ThirdTestCase@76494737]" started-at="2023-10-31T22:24:50 IST" name="test1" finished-at="2023-10-31T22:24:50 IST" duration-ms="9" status="PASS">
          <reporter-output>
          </reporter-output>
        </test-method> <!-- test1 -->
        <test-method signature="test2()[pri:2, instance:day35.ThirdTestCase@76494737]" started-at="2023-10-31T22:24:50 IST" name="test2" finished-at="2023-10-31T22:24:50 IST" duration-ms="2" status="PASS">
          <reporter-output>
          </reporter-output>
        </test-method> <!-- test2 -->
        <test-method signature="test3()[pri:3, instance:day35.ThirdTestCase@76494737]" started-at="2023-10-31T22:24:50 IST" name="test3" finished-at="2023-10-31T22:24:50 IST" duration-ms="2" status="PASS">
          <reporter-output>
          </reporter-output>
        </test-method> <!-- test3 -->
      </class> <!-- day35.ThirdTestCase -->
    </test> <!-- Default test -->
  </suite> <!-- Default suite -->
</testng-results>
